<?xml version="1.0" encoding="UTF-8"?>
<coverage generated="1781116945916" clover="3.2.0">
  <project timestamp="1781116945916" name="All files">
    <metrics statements="4933" coveredstatements="3827" conditionals="3216" coveredconditionals="2076" methods="1260" coveredmethods="997" elements="9409" coveredelements="6900" complexity="0" loc="4933" ncloc="4933" packages="12" files="81" classes="81"/>
    <package name="rules.win32">
      <metrics statements="0" coveredstatements="0" conditionals="0" coveredconditionals="0" methods="0" coveredmethods="0"/>
      <file name="apps.json" path="C:\Users\Administrator\Desktop\001\rules\win32\apps.json">
        <metrics statements="0" coveredstatements="0" conditionals="0" coveredconditionals="0" methods="0" coveredmethods="0"/>
      </file>
      <file name="browsers.json" path="C:\Users\Administrator\Desktop\001\rules\win32\browsers.json">
        <metrics statements="0" coveredstatements="0" conditionals="0" coveredconditionals="0" methods="0" coveredmethods="0"/>
      </file>
      <file name="databases.json" path="C:\Users\Administrator\Desktop\001\rules\win32\databases.json">
        <metrics statements="0" coveredstatements="0" conditionals="0" coveredconditionals="0" methods="0" coveredmethods="0"/>
      </file>
      <file name="gaming.json" path="C:\Users\Administrator\Desktop\001\rules\win32\gaming.json">
        <metrics statements="0" coveredstatements="0" conditionals="0" coveredconditionals="0" methods="0" coveredmethods="0"/>
      </file>
      <file name="gpu-cache.json" path="C:\Users\Administrator\Desktop\001\rules\win32\gpu-cache.json">
        <metrics statements="0" coveredstatements="0" conditionals="0" coveredconditionals="0" methods="0" coveredmethods="0"/>
      </file>
      <file name="misc.json" path="C:\Users\Administrator\Desktop\001\rules\win32\misc.json">
        <metrics statements="0" coveredstatements="0" conditionals="0" coveredconditionals="0" methods="0" coveredmethods="0"/>
      </file>
      <file name="steam.json" path="C:\Users\Administrator\Desktop\001\rules\win32\steam.json">
        <metrics statements="0" coveredstatements="0" conditionals="0" coveredconditionals="0" methods="0" coveredmethods="0"/>
      </file>
      <file name="system.json" path="C:\Users\Administrator\Desktop\001\rules\win32\system.json">
        <metrics statements="0" coveredstatements="0" conditionals="0" coveredconditionals="0" methods="0" coveredmethods="0"/>
      </file>
    </package>
    <package name="src.main">
      <metrics statements="7" coveredstatements="6" conditionals="9" coveredconditionals="6" methods="2" coveredmethods="2"/>
      <file name="i18n.ts" path="C:\Users\Administrator\Desktop\001\src\main\i18n.ts">
        <metrics statements="7" coveredstatements="6" conditionals="9" coveredconditionals="6" methods="2" coveredmethods="2"/>
        <line num="5" count="1" type="stmt"/>
        <line num="9" count="4" type="stmt"/>
        <line num="10" count="4" type="cond" truecount="2" falsecount="0"/>
        <line num="12" count="0" type="stmt"/>
        <line num="14" count="4" type="cond" truecount="1" falsecount="2"/>
        <line num="15" count="4" type="cond" truecount="2" falsecount="0"/>
        <line num="16" count="3" type="cond" truecount="1" falsecount="1"/>
      </file>
    </package>
    <package name="src.main.constants">
      <metrics statements="2" coveredstatements="2" conditionals="0" coveredconditionals="0" methods="0" coveredmethods="0"/>
      <file name="uninstall-safelist.ts" path="C:\Users\Administrator\Desktop\001\src\main\constants\uninstall-safelist.ts">
        <metrics statements="2" coveredstatements="2" conditionals="0" coveredconditionals="0" methods="0" coveredmethods="0"/>
        <line num="5" count="1" type="stmt"/>
        <line num="381" count="1" type="stmt"/>
      </file>
    </package>
    <package name="src.main.ipc">
      <metrics statements="1731" coveredstatements="1022" conditionals="1235" coveredconditionals="601" methods="262" coveredmethods="170"/>
      <file name="app-cleaner.ipc.ts" path="C:\Users\Administrator\Desktop\001\src\main\ipc\app-cleaner.ipc.ts">
        <metrics statements="21" coveredstatements="19" conditionals="12" coveredconditionals="8" methods="6" coveredmethods="5"/>
        <line num="12" count="12" type="stmt"/>
        <line num="13" count="7" type="stmt"/>
        <line num="14" count="7" type="stmt"/>
        <line num="16" count="7" type="stmt"/>
        <line num="17" count="5" type="stmt"/>
        <line num="18" count="5" type="stmt"/>
        <line num="19" count="4" type="stmt"/>
        <line num="20" count="4" type="cond" truecount="2" falsecount="0"/>
        <line num="21" count="3" type="stmt"/>
        <line num="22" count="3" type="stmt"/>
        <line num="29" count="7" type="stmt"/>
        <line num="30" count="7" type="cond" truecount="4" falsecount="0"/>
        <line num="35" count="3" type="stmt"/>
        <line num="36" count="3" type="stmt"/>
        <line num="39" count="7" type="stmt"/>
        <line num="42" count="12" type="stmt"/>
        <line num="43" count="4" type="stmt"/>
        <line num="44" count="4" type="cond" truecount="2" falsecount="0"/>
        <line num="45" count="1" type="stmt"/>
        <line num="46" count="0" type="stmt"/>
        <line num="47" count="0" type="cond" truecount="0" falsecount="4"/>
      </file>
      <file name="browser-cleaner.ipc.ts" path="C:\Users\Administrator\Desktop\001\src\main\ipc\browser-cleaner.ipc.ts">
        <metrics statements="66" coveredstatements="54" conditionals="52" coveredconditionals="32" methods="7" coveredmethods="6"/>
        <line num="27" count="14" type="stmt"/>
        <line num="28" count="8" type="stmt"/>
        <line num="29" count="8" type="stmt"/>
        <line num="30" count="8" type="stmt"/>
        <line num="32" count="8" type="stmt"/>
        <line num="50" count="8" type="stmt"/>
        <line num="51" count="104" type="cond" truecount="2" falsecount="0"/>
        <line num="53" count="15" type="cond" truecount="2" falsecount="0"/>
        <line num="54" count="12" type="stmt"/>
        <line num="55" count="12" type="stmt"/>
        <line num="56" count="13" type="stmt"/>
        <line num="62" count="13" type="stmt"/>
        <line num="63" count="52" type="stmt"/>
        <line num="64" count="52" type="cond" truecount="2" falsecount="0"/>
        <line num="65" count="48" type="stmt"/>
        <line num="66" count="48" type="cond" truecount="2" falsecount="0"/>
        <line num="72" count="3" type="stmt"/>
        <line num="78" count="3" type="stmt"/>
        <line num="79" count="12" type="stmt"/>
        <line num="80" count="12" type="cond" truecount="2" falsecount="0"/>
        <line num="81" count="9" type="stmt"/>
        <line num="82" count="9" type="cond" truecount="2" falsecount="0"/>
        <line num="89" count="8" type="cond" truecount="2" falsecount="0"/>
        <line num="90" count="3" type="stmt"/>
        <line num="91" count="3" type="stmt"/>
        <line num="92" count="2" type="stmt"/>
        <line num="93" count="1" type="cond" truecount="1" falsecount="1"/>
        <line num="94" count="1" type="stmt"/>
        <line num="95" count="1" type="cond" truecount="1" falsecount="1"/>
        <line num="96" count="1" type="stmt"/>
        <line num="97" count="1" type="cond" truecount="1" falsecount="1"/>
        <line num="107" count="8" type="stmt"/>
        <line num="112" count="8" type="stmt"/>
        <line num="113" count="24" type="cond" truecount="2" falsecount="2"/>
        <line num="114" count="0" type="stmt"/>
        <line num="115" count="0" type="stmt"/>
        <line num="116" count="0" type="stmt"/>
        <line num="117" count="0" type="cond" truecount="0" falsecount="2"/>
        <line num="118" count="0" type="stmt"/>
        <line num="119" count="0" type="cond" truecount="0" falsecount="2"/>
        <line num="120" count="0" type="stmt"/>
        <line num="121" count="0" type="cond" truecount="0" falsecount="2"/>
        <line num="131" count="8" type="cond" truecount="2" falsecount="2"/>
        <line num="132" count="0" type="stmt"/>
        <line num="133" count="0" type="cond" truecount="0" falsecount="2"/>
        <line num="136" count="8" type="stmt"/>
        <line num="137" count="8" type="cond" truecount="4" falsecount="0"/>
        <line num="142" count="6" type="stmt"/>
        <line num="143" count="6" type="stmt"/>
        <line num="146" count="8" type="stmt"/>
        <line num="149" count="14" type="stmt"/>
        <line num="150" count="5" type="stmt"/>
        <line num="151" count="5" type="cond" truecount="2" falsecount="0"/>
        <line num="152" count="3" type="stmt"/>
        <line num="153" count="3" type="cond" truecount="2" falsecount="0"/>
        <line num="154" count="1" type="stmt"/>
        <line num="156" count="3" type="stmt"/>
        <line num="157" count="0" type="stmt"/>
        <line num="158" count="0" type="cond" truecount="0" falsecount="4"/>
        <line num="171" count="12" type="stmt"/>
        <line num="172" count="12" type="stmt"/>
        <line num="173" count="12" type="stmt"/>
        <line num="174" count="12" type="stmt"/>
        <line num="175" count="1" type="cond" truecount="3" falsecount="1"/>
        <line num="176" count="1" type="stmt"/>
        <line num="182" count="12" type="stmt"/>
      </file>
      <file name="context-menu-cleaner.ipc.ts" path="C:\Users\Administrator\Desktop\001\src\main\ipc\context-menu-cleaner.ipc.ts">
        <metrics statements="285" coveredstatements="57" conditionals="193" coveredconditionals="38" methods="38" coveredmethods="11"/>
        <line num="26" count="1" type="stmt"/>
        <line num="30" count="1" type="stmt"/>
        <line num="41" count="1" type="stmt"/>
        <line num="59" count="1" type="stmt"/>
        <line num="68" count="1" type="stmt"/>
        <line num="91" count="1" type="stmt"/>
        <line num="105" count="1" type="stmt"/>
        <line num="120" count="0" type="stmt"/>
        <line num="125" count="1" type="stmt"/>
        <line num="134" count="11" type="stmt"/>
        <line num="135" count="11" type="cond" truecount="2" falsecount="0"/>
        <line num="136" count="10" type="stmt"/>
        <line num="137" count="10" type="stmt"/>
        <line num="138" count="10" type="stmt"/>
        <line num="139" count="10" type="cond" truecount="2" falsecount="0"/>
        <line num="144" count="2" type="stmt"/>
        <line num="145" count="2" type="cond" truecount="2" falsecount="0"/>
        <line num="152" count="4" type="cond" truecount="2" falsecount="0"/>
        <line num="157" count="4" type="stmt"/>
        <line num="162" count="11" type="stmt"/>
        <line num="163" count="11" type="stmt"/>
        <line num="168" count="27" type="stmt"/>
        <line num="169" count="27" type="cond" truecount="1" falsecount="1"/>
        <line num="170" count="27" type="cond" truecount="2" falsecount="0"/>
        <line num="171" count="27" type="cond" truecount="2" falsecount="0"/>
        <line num="172" count="27" type="stmt"/>
        <line num="176" count="6" type="cond" truecount="2" falsecount="0"/>
        <line num="177" count="5" type="stmt"/>
        <line num="178" count="22" type="stmt"/>
        <line num="181" count="1" type="stmt"/>
        <line num="185" count="6" type="cond" truecount="2" falsecount="0"/>
        <line num="186" count="4" type="stmt"/>
        <line num="187" count="4" type="cond" truecount="2" falsecount="0"/>
        <line num="192" count="11" type="cond" truecount="2" falsecount="0"/>
        <line num="193" count="11" type="stmt"/>
        <line num="194" count="67" type="cond" truecount="2" falsecount="0"/>
        <line num="196" count="2" type="stmt"/>
        <line num="216" count="6" type="stmt"/>
        <line num="217" count="6" type="stmt"/>
        <line num="218" count="6" type="stmt"/>
        <line num="220" count="6" type="stmt"/>
        <line num="221" count="21" type="cond" truecount="2" falsecount="0"/>
        <line num="222" count="7" type="cond" truecount="2" falsecount="0"/>
        <line num="223" count="7" type="stmt"/>
        <line num="226" count="14" type="cond" truecount="4" falsecount="0"/>
        <line num="227" count="7" type="cond" truecount="2" falsecount="0"/>
        <line num="228" count="7" type="stmt"/>
        <line num="229" count="7" type="cond" truecount="2" falsecount="0"/>
        <line num="230" count="6" type="stmt"/>
        <line num="232" count="1" type="stmt"/>
        <line num="234" count="7" type="stmt"/>
        <line num="236" count="7" type="cond" truecount="1" falsecount="1"/>
        <line num="238" count="7" type="stmt"/>
        <line num="239" count="7" type="cond" truecount="1" falsecount="1"/>
        <line num="240" count="7" type="stmt"/>
        <line num="241" count="7" type="stmt"/>
        <line num="244" count="6" type="cond" truecount="1" falsecount="1"/>
        <line num="245" count="6" type="stmt"/>
        <line num="251" count="0" type="stmt"/>
        <line num="252" count="0" type="stmt"/>
        <line num="253" count="0" type="stmt"/>
        <line num="254" count="0" type="stmt"/>
        <line num="255" count="0" type="cond" truecount="0" falsecount="4"/>
        <line num="256" count="0" type="stmt"/>
        <line num="257" count="0" type="stmt"/>
        <line num="259" count="0" type="stmt"/>
        <line num="261" count="0" type="stmt"/>
        <line num="266" count="0" type="stmt"/>
        <line num="267" count="0" type="stmt"/>
        <line num="268" count="0" type="stmt"/>
        <line num="269" count="0" type="stmt"/>
        <line num="284" count="0" type="stmt"/>
        <line num="285" count="0" type="stmt"/>
        <line num="286" count="0" type="cond" truecount="0" falsecount="2"/>
        <line num="288" count="0" type="stmt"/>
        <line num="289" count="0" type="stmt"/>
        <line num="290" count="0" type="stmt"/>
        <line num="291" count="0" type="stmt"/>
        <line num="292" count="0" type="cond" truecount="0" falsecount="4"/>
        <line num="294" count="0" type="stmt"/>
        <line num="295" count="0" type="stmt"/>
        <line num="296" count="0" type="stmt"/>
        <line num="297" count="0" type="cond" truecount="0" falsecount="4"/>
        <line num="300" count="0" type="stmt"/>
        <line num="301" count="0" type="stmt"/>
        <line num="307" count="0" type="stmt"/>
        <line num="311" count="0" type="stmt"/>
        <line num="312" count="0" type="stmt"/>
        <line num="313" count="0" type="stmt"/>
        <line num="315" count="0" type="stmt"/>
        <line num="324" count="0" type="stmt"/>
        <line num="325" count="0" type="cond" truecount="0" falsecount="2"/>
        <line num="327" count="0" type="stmt"/>
        <line num="328" count="0" type="stmt"/>
        <line num="329" count="0" type="stmt"/>
        <line num="331" count="0" type="stmt"/>
        <line num="332" count="0" type="cond" truecount="0" falsecount="2"/>
        <line num="335" count="0" type="cond" truecount="0" falsecount="2"/>
        <line num="336" count="0" type="stmt"/>
        <line num="337" count="0" type="cond" truecount="0" falsecount="2"/>
        <line num="339" count="0" type="stmt"/>
        <line num="340" count="0" type="cond" truecount="0" falsecount="4"/>
        <line num="342" count="0" type="stmt"/>
        <line num="343" count="0" type="stmt"/>
        <line num="348" count="0" type="stmt"/>
        <line num="349" count="0" type="stmt"/>
        <line num="350" count="0" type="stmt"/>
        <line num="351" count="0" type="cond" truecount="0" falsecount="2"/>
        <line num="352" count="0" type="cond" truecount="0" falsecount="2"/>
        <line num="353" count="0" type="cond" truecount="0" falsecount="2"/>
        <line num="354" count="0" type="cond" truecount="0" falsecount="2"/>
        <line num="355" count="0" type="cond" truecount="0" falsecount="2"/>
        <line num="356" count="0" type="cond" truecount="0" falsecount="3"/>
        <line num="357" count="0" type="stmt"/>
        <line num="358" count="0" type="stmt"/>
        <line num="359" count="0" type="stmt"/>
        <line num="361" count="0" type="stmt"/>
        <line num="381" count="0" type="cond" truecount="0" falsecount="4"/>
        <line num="382" count="0" type="stmt"/>
        <line num="385" count="0" type="stmt"/>
        <line num="390" count="0" type="cond" truecount="0" falsecount="2"/>
        <line num="391" count="0" type="cond" truecount="0" falsecount="2"/>
        <line num="392" count="0" type="stmt"/>
        <line num="401" count="0" type="stmt"/>
        <line num="402" count="0" type="cond" truecount="0" falsecount="2"/>
        <line num="404" count="0" type="stmt"/>
        <line num="405" count="0" type="stmt"/>
        <line num="407" count="0" type="stmt"/>
        <line num="408" count="0" type="cond" truecount="0" falsecount="2"/>
        <line num="409" count="0" type="stmt"/>
        <line num="410" count="0" type="cond" truecount="0" falsecount="2"/>
        <line num="411" count="0" type="stmt"/>
        <line num="412" count="0" type="stmt"/>
        <line num="413" count="0" type="cond" truecount="0" falsecount="2"/>
        <line num="416" count="0" type="cond" truecount="0" falsecount="2"/>
        <line num="417" count="0" type="cond" truecount="0" falsecount="2"/>
        <line num="418" count="0" type="cond" truecount="0" falsecount="2"/>
        <line num="420" count="0" type="stmt"/>
        <line num="423" count="0" type="stmt"/>
        <line num="425" count="0" type="stmt"/>
        <line num="426" count="0" type="cond" truecount="0" falsecount="2"/>
        <line num="427" count="0" type="stmt"/>
        <line num="429" count="0" type="cond" truecount="0" falsecount="2"/>
        <line num="430" count="0" type="cond" truecount="0" falsecount="2"/>
        <line num="432" count="0" type="cond" truecount="0" falsecount="2"/>
        <line num="433" count="0" type="stmt"/>
        <line num="434" count="0" type="cond" truecount="0" falsecount="2"/>
        <line num="436" count="0" type="stmt"/>
        <line num="454" count="0" type="cond" truecount="0" falsecount="4"/>
        <line num="455" count="0" type="stmt"/>
        <line num="458" count="0" type="stmt"/>
        <line num="465" count="0" type="cond" truecount="0" falsecount="2"/>
        <line num="466" count="0" type="stmt"/>
        <line num="468" count="0" type="stmt"/>
        <line num="469" count="0" type="stmt"/>
        <line num="470" count="0" type="stmt"/>
        <line num="471" count="0" type="stmt"/>
        <line num="472" count="0" type="stmt"/>
        <line num="473" count="0" type="stmt"/>
        <line num="475" count="0" type="stmt"/>
        <line num="476" count="0" type="cond" truecount="0" falsecount="2"/>
        <line num="477" count="0" type="stmt"/>
        <line num="478" count="0" type="stmt"/>
        <line num="479" count="0" type="stmt"/>
        <line num="480" count="0" type="stmt"/>
        <line num="481" count="0" type="stmt"/>
        <line num="482" count="0" type="stmt"/>
        <line num="483" count="0" type="stmt"/>
        <line num="490" count="0" type="stmt"/>
        <line num="492" count="0" type="stmt"/>
        <line num="497" count="0" type="stmt"/>
        <line num="500" count="0" type="stmt"/>
        <line num="501" count="0" type="cond" truecount="0" falsecount="2"/>
        <line num="503" count="0" type="stmt"/>
        <line num="504" count="0" type="stmt"/>
        <line num="505" count="0" type="stmt"/>
        <line num="506" count="0" type="cond" truecount="0" falsecount="2"/>
        <line num="507" count="0" type="stmt"/>
        <line num="508" count="0" type="cond" truecount="0" falsecount="2"/>
        <line num="509" count="0" type="stmt"/>
        <line num="510" count="0" type="stmt"/>
        <line num="512" count="0" type="stmt"/>
        <line num="513" count="0" type="stmt"/>
        <line num="514" count="0" type="stmt"/>
        <line num="515" count="0" type="stmt"/>
        <line num="522" count="0" type="stmt"/>
        <line num="523" count="0" type="stmt"/>
        <line num="524" count="0" type="stmt"/>
        <line num="526" count="0" type="stmt"/>
        <line num="539" count="0" type="stmt"/>
        <line num="540" count="0" type="stmt"/>
        <line num="541" count="0" type="stmt"/>
        <line num="543" count="0" type="stmt"/>
        <line num="551" count="0" type="cond" truecount="0" falsecount="4"/>
        <line num="552" count="0" type="stmt"/>
        <line num="554" count="0" type="cond" truecount="0" falsecount="4"/>
        <line num="555" count="0" type="stmt"/>
        <line num="558" count="0" type="stmt"/>
        <line num="559" count="0" type="cond" truecount="0" falsecount="2"/>
        <line num="560" count="0" type="cond" truecount="0" falsecount="2"/>
        <line num="561" count="0" type="stmt"/>
        <line num="562" count="0" type="stmt"/>
        <line num="563" count="0" type="cond" truecount="0" falsecount="2"/>
        <line num="564" count="0" type="stmt"/>
        <line num="565" count="0" type="stmt"/>
        <line num="567" count="0" type="stmt"/>
        <line num="568" count="0" type="stmt"/>
        <line num="571" count="0" type="stmt"/>
        <line num="572" count="0" type="stmt"/>
        <line num="573" count="0" type="stmt"/>
        <line num="575" count="0" type="cond" truecount="0" falsecount="2"/>
        <line num="576" count="0" type="cond" truecount="0" falsecount="2"/>
        <line num="577" count="0" type="stmt"/>
        <line num="578" count="0" type="stmt"/>
        <line num="579" count="0" type="stmt"/>
        <line num="580" count="0" type="cond" truecount="0" falsecount="2"/>
        <line num="581" count="0" type="cond" truecount="0" falsecount="2"/>
        <line num="582" count="0" type="stmt"/>
        <line num="583" count="0" type="stmt"/>
        <line num="584" count="0" type="stmt"/>
        <line num="586" count="0" type="cond" truecount="0" falsecount="2"/>
        <line num="587" count="0" type="stmt"/>
        <line num="588" count="0" type="stmt"/>
        <line num="592" count="0" type="cond" truecount="0" falsecount="2"/>
        <line num="593" count="0" type="stmt"/>
        <line num="599" count="0" type="stmt"/>
        <line num="600" count="0" type="cond" truecount="0" falsecount="2"/>
        <line num="601" count="0" type="cond" truecount="0" falsecount="2"/>
        <line num="602" count="0" type="cond" truecount="0" falsecount="2"/>
        <line num="603" count="0" type="cond" truecount="0" falsecount="2"/>
        <line num="611" count="0" type="stmt"/>
        <line num="612" count="0" type="stmt"/>
        <line num="613" count="0" type="cond" truecount="0" falsecount="2"/>
        <line num="615" count="0" type="stmt"/>
        <line num="616" count="0" type="stmt"/>
        <line num="618" count="0" type="stmt"/>
        <line num="620" count="0" type="stmt"/>
        <line num="621" count="0" type="cond" truecount="0" falsecount="2"/>
        <line num="622" count="0" type="stmt"/>
        <line num="623" count="0" type="cond" truecount="0" falsecount="2"/>
        <line num="624" count="0" type="stmt"/>
        <line num="629" count="0" type="cond" truecount="0" falsecount="2"/>
        <line num="630" count="0" type="stmt"/>
        <line num="631" count="0" type="stmt"/>
        <line num="632" count="0" type="stmt"/>
        <line num="635" count="0" type="stmt"/>
        <line num="636" count="0" type="cond" truecount="0" falsecount="2"/>
        <line num="637" count="0" type="stmt"/>
        <line num="638" count="0" type="stmt"/>
        <line num="639" count="0" type="stmt"/>
        <line num="640" count="0" type="cond" truecount="0" falsecount="2"/>
        <line num="641" count="0" type="stmt"/>
        <line num="648" count="0" type="stmt"/>
        <line num="649" count="0" type="cond" truecount="0" falsecount="2"/>
        <line num="652" count="0" type="stmt"/>
        <line num="653" count="0" type="stmt"/>
        <line num="657" count="0" type="stmt"/>
        <line num="658" count="0" type="stmt"/>
        <line num="662" count="0" type="cond" truecount="0" falsecount="3"/>
        <line num="663" count="0" type="stmt"/>
        <line num="664" count="0" type="stmt"/>
        <line num="665" count="0" type="stmt"/>
        <line num="672" count="0" type="cond" truecount="0" falsecount="2"/>
        <line num="673" count="0" type="stmt"/>
        <line num="674" count="0" type="cond" truecount="0" falsecount="5"/>
        <line num="682" count="0" type="stmt"/>
        <line num="683" count="0" type="cond" truecount="0" falsecount="2"/>
        <line num="684" count="0" type="stmt"/>
        <line num="686" count="0" type="stmt"/>
        <line num="687" count="0" type="stmt"/>
        <line num="688" count="0" type="stmt"/>
        <line num="689" count="0" type="stmt"/>
        <line num="690" count="0" type="stmt"/>
        <line num="691" count="0" type="stmt"/>
        <line num="692" count="0" type="stmt"/>
        <line num="694" count="0" type="stmt"/>
        <line num="698" count="0" type="stmt"/>
        <line num="699" count="0" type="stmt"/>
        <line num="702" count="0" type="stmt"/>
        <line num="703" count="0" type="cond" truecount="0" falsecount="2"/>
        <line num="704" count="0" type="stmt"/>
        <line num="706" count="0" type="cond" truecount="0" falsecount="2"/>
        <line num="707" count="0" type="stmt"/>
        <line num="714" count="0" type="stmt"/>
        <line num="715" count="0" type="stmt"/>
      </file>
      <file name="database-optimizer.ipc.ts" path="C:\Users\Administrator\Desktop\001\src\main\ipc\database-optimizer.ipc.ts">
        <metrics statements="115" coveredstatements="104" conditionals="67" coveredconditionals="49" methods="12" coveredmethods="12"/>
        <line num="9" count="1" type="stmt"/>
        <line num="10" count="1" type="stmt"/>
        <line num="13" count="9" type="cond" truecount="2" falsecount="0"/>
        <line num="14" count="1" type="cond" truecount="1" falsecount="1"/>
        <line num="15" count="1" type="stmt"/>
        <line num="16" count="1" type="stmt"/>
        <line num="17" count="1" type="stmt"/>
        <line num="18" count="1" type="stmt"/>
        <line num="19" count="1" type="stmt"/>
        <line num="21" count="0" type="stmt"/>
        <line num="24" count="1" type="stmt"/>
        <line num="37" count="5" type="stmt"/>
        <line num="38" count="5" type="stmt"/>
        <line num="39" count="5" type="stmt"/>
        <line num="40" count="5" type="stmt"/>
        <line num="41" count="5" type="stmt"/>
        <line num="43" count="0" type="stmt"/>
        <line num="45" count="5" type="cond" truecount="1" falsecount="1"/>
        <line num="51" count="6" type="cond" truecount="2" falsecount="0"/>
        <line num="52" count="1" type="stmt"/>
        <line num="53" count="1" type="stmt"/>
        <line num="54" count="1" type="stmt"/>
        <line num="55" count="1" type="cond" truecount="1" falsecount="1"/>
        <line num="56" count="0" type="stmt"/>
        <line num="57" count="0" type="cond" truecount="0" falsecount="2"/>
        <line num="58" count="0" type="stmt"/>
        <line num="59" count="0" type="stmt"/>
        <line num="60" count="0" type="cond" truecount="0" falsecount="2"/>
        <line num="61" count="0" type="stmt"/>
        <line num="62" count="0" type="stmt"/>
        <line num="67" count="1" type="stmt"/>
        <line num="68" count="3" type="cond" truecount="2" falsecount="0"/>
        <line num="69" count="2" type="cond" truecount="3" falsecount="1"/>
        <line num="70" count="2" type="stmt"/>
        <line num="74" count="1" type="cond" truecount="1" falsecount="1"/>
        <line num="76" count="0" type="stmt"/>
        <line num="81" count="20" type="stmt"/>
        <line num="82" count="9" type="stmt"/>
        <line num="83" count="9" type="stmt"/>
        <line num="84" count="9" type="stmt"/>
        <line num="86" count="9" type="stmt"/>
        <line num="87" count="8" type="stmt"/>
        <line num="89" count="8" type="stmt"/>
        <line num="90" count="8" type="cond" truecount="2" falsecount="0"/>
        <line num="92" count="6" type="stmt"/>
        <line num="93" count="6" type="stmt"/>
        <line num="95" count="6" type="stmt"/>
        <line num="96" count="7" type="stmt"/>
        <line num="97" count="7" type="stmt"/>
        <line num="103" count="7" type="stmt"/>
        <line num="104" count="7" type="stmt"/>
        <line num="105" count="7" type="cond" truecount="2" falsecount="0"/>
        <line num="106" count="5" type="cond" truecount="2" falsecount="0"/>
        <line num="108" count="4" type="stmt"/>
        <line num="109" count="4" type="stmt"/>
        <line num="113" count="4" type="stmt"/>
        <line num="114" count="4" type="cond" truecount="2" falsecount="0"/>
        <line num="116" count="3" type="stmt"/>
        <line num="129" count="6" type="cond" truecount="2" falsecount="0"/>
        <line num="130" count="2" type="stmt"/>
        <line num="131" count="2" type="stmt"/>
        <line num="135" count="3" type="stmt"/>
        <line num="143" count="7" type="stmt"/>
        <line num="144" count="7" type="cond" truecount="3" falsecount="1"/>
        <line num="145" count="7" type="stmt"/>
        <line num="150" count="2" type="stmt"/>
        <line num="151" count="2" type="stmt"/>
        <line num="156" count="8" type="stmt"/>
        <line num="159" count="20" type="stmt"/>
        <line num="160" count="10" type="stmt"/>
        <line num="161" count="10" type="cond" truecount="2" falsecount="0"/>
        <line num="163" count="9" type="stmt"/>
        <line num="164" count="9" type="cond" truecount="1" falsecount="1"/>
        <line num="165" count="0" type="stmt"/>
        <line num="168" count="9" type="stmt"/>
        <line num="169" count="9" type="stmt"/>
        <line num="170" count="9" type="stmt"/>
        <line num="171" count="9" type="stmt"/>
        <line num="172" count="9" type="stmt"/>
        <line num="174" count="9" type="stmt"/>
        <line num="175" count="9" type="stmt"/>
        <line num="176" count="9" type="stmt"/>
        <line num="178" count="9" type="cond" truecount="2" falsecount="0"/>
        <line num="180" count="8" type="stmt"/>
        <line num="182" count="8" type="stmt"/>
        <line num="183" count="8" type="stmt"/>
        <line num="184" count="8" type="stmt"/>
        <line num="185" count="8" type="stmt"/>
        <line num="187" count="8" type="stmt"/>
        <line num="188" count="8" type="stmt"/>
        <line num="189" count="8" type="stmt"/>
        <line num="190" count="8" type="stmt"/>
        <line num="191" count="8" type="cond" truecount="2" falsecount="0"/>
        <line num="192" count="2" type="stmt"/>
        <line num="195" count="4" type="stmt"/>
        <line num="198" count="4" type="stmt"/>
        <line num="199" count="4" type="stmt"/>
        <line num="200" count="4" type="stmt"/>
        <line num="201" count="4" type="stmt"/>
        <line num="202" count="4" type="cond" truecount="2" falsecount="0"/>
        <line num="203" count="4" type="stmt"/>
        <line num="205" count="4" type="stmt"/>
        <line num="206" count="4" type="stmt"/>
        <line num="207" count="4" type="cond" truecount="5" falsecount="0"/>
        <line num="208" count="1" type="stmt"/>
        <line num="209" count="3" type="cond" truecount="4" falsecount="0"/>
        <line num="210" count="2" type="stmt"/>
        <line num="212" count="1" type="cond" truecount="1" falsecount="1"/>
        <line num="217" count="9" type="stmt"/>
        <line num="218" count="9" type="cond" truecount="2" falsecount="2"/>
        <line num="219" count="9" type="stmt"/>
        <line num="220" count="9" type="stmt"/>
        <line num="221" count="9" type="cond" truecount="2" falsecount="2"/>
        <line num="232" count="9" type="stmt"/>
        <line num="237" count="4" type="stmt"/>
      </file>
      <file name="debloater.ipc.ts" path="C:\Users\Administrator\Desktop\001\src\main\ipc\debloater.ipc.ts">
        <metrics statements="51" coveredstatements="45" conditionals="28" coveredconditionals="20" methods="9" coveredmethods="8"/>
        <line num="10" count="1" type="stmt"/>
        <line num="137" count="6" type="stmt"/>
        <line num="139" count="6" type="stmt"/>
        <line num="140" count="6" type="stmt"/>
        <line num="148" count="6" type="stmt"/>
        <line num="150" count="5" type="stmt"/>
        <line num="151" count="5" type="stmt"/>
        <line num="152" count="5" type="stmt"/>
        <line num="153" count="5" type="cond" truecount="2" falsecount="0"/>
        <line num="155" count="1" type="stmt"/>
        <line num="158" count="4" type="stmt"/>
        <line num="159" count="448" type="stmt"/>
        <line num="160" count="1107" type="cond" truecount="2" falsecount="0"/>
        <line num="164" count="448" type="cond" truecount="2" falsecount="0"/>
        <line num="165" count="9" type="stmt"/>
        <line num="166" count="9" type="cond" truecount="2" falsecount="0"/>
        <line num="167" count="9" type="cond" truecount="2" falsecount="0"/>
        <line num="168" count="8" type="cond" truecount="4" falsecount="0"/>
        <line num="169" count="4" type="cond" truecount="2" falsecount="0"/>
        <line num="170" count="1" type="stmt"/>
        <line num="171" count="3" type="stmt"/>
        <line num="174" count="9" type="stmt"/>
        <line num="190" count="5" type="stmt"/>
        <line num="197" count="784" type="stmt"/>
        <line num="198" count="7" type="stmt"/>
        <line num="199" count="9" type="cond" truecount="2" falsecount="0"/>
        <line num="202" count="7" type="stmt"/>
        <line num="203" count="7" type="stmt"/>
        <line num="205" count="7" type="stmt"/>
        <line num="206" count="7" type="stmt"/>
        <line num="207" count="7" type="stmt"/>
        <line num="208" count="7" type="stmt"/>
        <line num="209" count="7" type="stmt"/>
        <line num="210" count="7" type="stmt"/>
        <line num="213" count="5" type="stmt"/>
        <line num="214" count="5" type="stmt"/>
        <line num="216" count="7" type="stmt"/>
        <line num="217" count="7" type="stmt"/>
        <line num="224" count="2" type="stmt"/>
        <line num="225" count="2" type="stmt"/>
        <line num="229" count="7" type="stmt"/>
        <line num="235" count="7" type="stmt"/>
        <line num="236" count="1" type="cond" truecount="1" falsecount="1"/>
        <line num="237" count="0" type="stmt"/>
        <line num="240" count="7" type="stmt"/>
        <line num="241" count="5" type="cond" truecount="1" falsecount="1"/>
        <line num="242" count="0" type="stmt"/>
        <line num="243" count="0" type="cond" truecount="0" falsecount="2"/>
        <line num="244" count="0" type="stmt"/>
        <line num="245" count="0" type="stmt"/>
        <line num="246" count="0" type="cond" truecount="0" falsecount="4"/>
      </file>
      <file name="disk-analyzer.ipc.ts" path="C:\Users\Administrator\Desktop\001\src\main\ipc\disk-analyzer.ipc.ts">
        <metrics statements="238" coveredstatements="88" conditionals="147" coveredconditionals="50" methods="36" coveredmethods="17"/>
        <line num="13" count="1" type="stmt"/>
        <line num="14" count="1" type="stmt"/>
        <line num="23" count="2" type="stmt"/>
        <line num="30" count="2" type="cond" truecount="1" falsecount="1"/>
        <line num="31" count="0" type="stmt"/>
        <line num="32" count="0" type="stmt"/>
        <line num="35" count="2" type="stmt"/>
        <line num="36" count="2" type="stmt"/>
        <line num="38" count="2" type="stmt"/>
        <line num="39" count="2" type="stmt"/>
        <line num="40" count="2" type="stmt"/>
        <line num="41" count="2" type="cond" truecount="2" falsecount="0"/>
        <line num="42" count="1" type="stmt"/>
        <line num="43" count="1" type="stmt"/>
        <line num="44" count="1" type="stmt"/>
        <line num="46" count="1" type="stmt"/>
        <line num="47" count="1" type="stmt"/>
        <line num="54" count="2" type="cond" truecount="3" falsecount="2"/>
        <line num="55" count="0" type="stmt"/>
        <line num="68" count="2" type="stmt"/>
        <line num="69" count="2" type="stmt"/>
        <line num="78" count="1" type="cond" truecount="1" falsecount="1"/>
        <line num="79" count="1" type="stmt"/>
        <line num="80" count="1" type="stmt"/>
        <line num="81" count="1" type="stmt"/>
        <line num="82" count="4" type="stmt"/>
        <line num="83" count="4" type="stmt"/>
        <line num="84" count="4" type="cond" truecount="1" falsecount="1"/>
        <line num="85" count="0" type="stmt"/>
        <line num="87" count="4" type="stmt"/>
        <line num="88" count="4" type="cond" truecount="1" falsecount="1"/>
        <line num="89" count="4" type="stmt"/>
        <line num="90" count="4" type="cond" truecount="2" falsecount="0"/>
        <line num="91" count="1" type="stmt"/>
        <line num="92" count="1" type="stmt"/>
        <line num="94" count="3" type="stmt"/>
        <line num="101" count="1" type="cond" truecount="3" falsecount="2"/>
        <line num="102" count="0" type="stmt"/>
        <line num="117" count="0" type="stmt"/>
        <line num="118" count="0" type="stmt"/>
        <line num="119" count="0" type="stmt"/>
        <line num="120" count="0" type="stmt"/>
        <line num="121" count="0" type="stmt"/>
        <line num="122" count="0" type="stmt"/>
        <line num="123" count="0" type="cond" truecount="0" falsecount="2"/>
        <line num="131" count="0" type="stmt"/>
        <line num="137" count="4" type="cond" truecount="1" falsecount="1"/>
        <line num="138" count="4" type="stmt"/>
        <line num="139" count="4" type="stmt"/>
        <line num="140" count="4" type="stmt"/>
        <line num="144" count="2" type="stmt"/>
        <line num="145" count="2" type="stmt"/>
        <line num="146" count="3" type="stmt"/>
        <line num="147" count="3" type="cond" truecount="4" falsecount="1"/>
        <line num="148" count="3" type="cond" truecount="1" falsecount="1"/>
        <line num="149" count="3" type="cond" truecount="1" falsecount="1"/>
        <line num="150" count="3" type="stmt"/>
        <line num="159" count="2" type="stmt"/>
        <line num="161" count="2" type="stmt"/>
        <line num="166" count="0" type="stmt"/>
        <line num="167" count="0" type="stmt"/>
        <line num="168" count="0" type="stmt"/>
        <line num="169" count="0" type="stmt"/>
        <line num="170" count="0" type="stmt"/>
        <line num="171" count="0" type="stmt"/>
        <line num="172" count="0" type="cond" truecount="0" falsecount="2"/>
        <line num="173" count="0" type="cond" truecount="0" falsecount="2"/>
        <line num="174" count="0" type="cond" truecount="0" falsecount="2"/>
        <line num="175" count="0" type="cond" truecount="0" falsecount="2"/>
        <line num="176" count="0" type="stmt"/>
        <line num="178" count="0" type="cond" truecount="0" falsecount="2"/>
        <line num="179" count="0" type="stmt"/>
        <line num="187" count="0" type="stmt"/>
        <line num="189" count="0" type="stmt"/>
        <line num="195" count="12" type="cond" truecount="4" falsecount="0"/>
        <line num="196" count="3" type="cond" truecount="1" falsecount="1"/>
        <line num="197" count="3" type="cond" truecount="2" falsecount="0"/>
        <line num="198" count="1" type="stmt"/>
        <line num="201" count="0" type="cond" truecount="0" falsecount="2"/>
        <line num="202" count="0" type="stmt"/>
        <line num="206" count="4" type="stmt"/>
        <line num="207" count="4" type="cond" truecount="2" falsecount="0"/>
        <line num="208" count="1" type="stmt"/>
        <line num="212" count="3" type="stmt"/>
        <line num="213" count="3" type="cond" truecount="2" falsecount="0"/>
        <line num="214" count="1" type="stmt"/>
        <line num="215" count="1" type="stmt"/>
        <line num="216" count="1" type="stmt"/>
        <line num="217" count="1" type="stmt"/>
        <line num="218" count="3" type="stmt"/>
        <line num="220" count="2" type="stmt"/>
        <line num="221" count="1" type="stmt"/>
        <line num="227" count="0" type="cond" truecount="0" falsecount="4"/>
        <line num="228" count="0" type="stmt"/>
        <line num="237" count="3" type="cond" truecount="1" falsecount="1"/>
        <line num="238" count="0" type="stmt"/>
        <line num="240" count="3" type="cond" truecount="1" falsecount="1"/>
        <line num="241" count="3" type="stmt"/>
        <line num="245" count="0" type="cond" truecount="0" falsecount="2"/>
        <line num="247" count="3" type="stmt"/>
        <line num="248" count="0" type="stmt"/>
        <line num="250" count="0" type="cond" truecount="0" falsecount="2"/>
        <line num="251" count="0" type="stmt"/>
        <line num="254" count="0" type="stmt"/>
        <line num="255" count="0" type="stmt"/>
        <line num="256" count="0" type="stmt"/>
        <line num="257" count="0" type="stmt"/>
        <line num="258" count="0" type="stmt"/>
        <line num="260" count="0" type="stmt"/>
        <line num="261" count="0" type="stmt"/>
        <line num="262" count="0" type="stmt"/>
        <line num="264" count="0" type="stmt"/>
        <line num="265" count="0" type="cond" truecount="0" falsecount="2"/>
        <line num="266" count="0" type="stmt"/>
        <line num="267" count="0" type="cond" truecount="0" falsecount="2"/>
        <line num="268" count="0" type="stmt"/>
        <line num="269" count="0" type="stmt"/>
        <line num="274" count="0" type="stmt"/>
        <line num="275" count="0" type="stmt"/>
        <line num="278" count="0" type="stmt"/>
        <line num="279" count="0" type="stmt"/>
        <line num="280" count="0" type="stmt"/>
        <line num="283" count="0" type="stmt"/>
        <line num="284" count="0" type="stmt"/>
        <line num="286" count="0" type="cond" truecount="0" falsecount="2"/>
        <line num="287" count="0" type="stmt"/>
        <line num="288" count="0" type="cond" truecount="0" falsecount="2"/>
        <line num="289" count="0" type="stmt"/>
        <line num="290" count="0" type="cond" truecount="0" falsecount="2"/>
        <line num="291" count="0" type="stmt"/>
        <line num="292" count="0" type="cond" truecount="0" falsecount="2"/>
        <line num="293" count="0" type="stmt"/>
        <line num="295" count="0" type="stmt"/>
        <line num="299" count="0" type="stmt"/>
        <line num="300" count="0" type="cond" truecount="0" falsecount="2"/>
        <line num="301" count="0" type="stmt"/>
        <line num="311" count="1" type="cond" truecount="1" falsecount="1"/>
        <line num="312" count="0" type="stmt"/>
        <line num="314" count="1" type="cond" truecount="1" falsecount="1"/>
        <line num="315" count="1" type="stmt"/>
        <line num="318" count="0" type="stmt"/>
        <line num="319" count="0" type="stmt"/>
        <line num="320" count="0" type="stmt"/>
        <line num="321" count="0" type="stmt"/>
        <line num="322" count="0" type="stmt"/>
        <line num="323" count="0" type="stmt"/>
        <line num="325" count="0" type="stmt"/>
        <line num="326" count="0" type="stmt"/>
        <line num="327" count="0" type="stmt"/>
        <line num="328" count="0" type="stmt"/>
        <line num="329" count="0" type="cond" truecount="0" falsecount="2"/>
        <line num="330" count="0" type="stmt"/>
        <line num="331" count="0" type="cond" truecount="0" falsecount="2"/>
        <line num="332" count="0" type="stmt"/>
        <line num="333" count="0" type="stmt"/>
        <line num="338" count="0" type="stmt"/>
        <line num="339" count="0" type="stmt"/>
        <line num="342" count="0" type="stmt"/>
        <line num="343" count="0" type="stmt"/>
        <line num="344" count="0" type="stmt"/>
        <line num="347" count="0" type="stmt"/>
        <line num="348" count="0" type="stmt"/>
        <line num="350" count="0" type="cond" truecount="0" falsecount="2"/>
        <line num="351" count="0" type="stmt"/>
        <line num="352" count="0" type="cond" truecount="0" falsecount="2"/>
        <line num="353" count="0" type="stmt"/>
        <line num="354" count="0" type="cond" truecount="0" falsecount="2"/>
        <line num="355" count="0" type="stmt"/>
        <line num="357" count="0" type="stmt"/>
        <line num="361" count="0" type="stmt"/>
        <line num="362" count="0" type="cond" truecount="0" falsecount="2"/>
        <line num="363" count="0" type="stmt"/>
        <line num="373" count="1" type="cond" truecount="1" falsecount="1"/>
        <line num="374" count="0" type="stmt"/>
        <line num="376" count="1" type="cond" truecount="1" falsecount="1"/>
        <line num="377" count="1" type="stmt"/>
        <line num="380" count="0" type="cond" truecount="0" falsecount="2"/>
        <line num="382" count="1" type="stmt"/>
        <line num="383" count="0" type="stmt"/>
        <line num="384" count="0" type="stmt"/>
        <line num="385" count="0" type="stmt"/>
        <line num="386" count="0" type="stmt"/>
        <line num="387" count="0" type="stmt"/>
        <line num="389" count="0" type="stmt"/>
        <line num="390" count="0" type="stmt"/>
        <line num="391" count="0" type="stmt"/>
        <line num="392" count="0" type="cond" truecount="0" falsecount="2"/>
        <line num="393" count="0" type="cond" truecount="0" falsecount="2"/>
        <line num="394" count="0" type="stmt"/>
        <line num="395" count="0" type="cond" truecount="0" falsecount="2"/>
        <line num="396" count="0" type="stmt"/>
        <line num="397" count="0" type="stmt"/>
        <line num="402" count="0" type="stmt"/>
        <line num="403" count="0" type="stmt"/>
        <line num="406" count="0" type="stmt"/>
        <line num="407" count="0" type="stmt"/>
        <line num="408" count="0" type="stmt"/>
        <line num="411" count="0" type="stmt"/>
        <line num="415" count="0" type="cond" truecount="0" falsecount="2"/>
        <line num="417" count="0" type="cond" truecount="0" falsecount="2"/>
        <line num="418" count="0" type="stmt"/>
        <line num="419" count="0" type="cond" truecount="0" falsecount="2"/>
        <line num="420" count="0" type="stmt"/>
        <line num="421" count="0" type="cond" truecount="0" falsecount="2"/>
        <line num="422" count="0" type="stmt"/>
        <line num="423" count="0" type="cond" truecount="0" falsecount="2"/>
        <line num="424" count="0" type="stmt"/>
        <line num="425" count="0" type="cond" truecount="0" falsecount="2"/>
        <line num="426" count="0" type="stmt"/>
        <line num="427" count="0" type="cond" truecount="0" falsecount="2"/>
        <line num="428" count="0" type="stmt"/>
        <line num="430" count="0" type="stmt"/>
        <line num="433" count="0" type="stmt"/>
        <line num="434" count="0" type="cond" truecount="0" falsecount="2"/>
        <line num="435" count="0" type="stmt"/>
        <line num="443" count="12" type="stmt"/>
        <line num="445" count="12" type="stmt"/>
        <line num="446" count="2" type="stmt"/>
        <line num="447" count="2" type="cond" truecount="1" falsecount="1"/>
        <line num="448" count="0" type="stmt"/>
        <line num="449" count="0" type="stmt"/>
        <line num="450" count="0" type="stmt"/>
        <line num="451" count="0" type="stmt"/>
        <line num="452" count="0" type="stmt"/>
        <line num="454" count="0" type="stmt"/>
        <line num="455" count="0" type="stmt"/>
        <line num="458" count="12" type="stmt"/>
        <line num="459" count="3" type="stmt"/>
        <line num="460" count="3" type="cond" truecount="1" falsecount="1"/>
        <line num="461" count="0" type="stmt"/>
        <line num="465" count="12" type="stmt"/>
        <line num="466" count="3" type="cond" truecount="4" falsecount="0"/>
        <line num="467" count="3" type="stmt"/>
        <line num="470" count="12" type="stmt"/>
        <line num="471" count="1" type="stmt"/>
        <line num="474" count="12" type="stmt"/>
        <line num="475" count="1" type="cond" truecount="2" falsecount="2"/>
        <line num="476" count="1" type="stmt"/>
      </file>
      <file name="disk-trim.ipc.ts" path="C:\Users\Administrator\Desktop\001\src\main\ipc\disk-trim.ipc.ts">
        <metrics statements="287" coveredstatements="160" conditionals="265" coveredconditionals="107" methods="42" coveredmethods="26"/>
        <line num="13" count="1" type="stmt"/>
        <line num="15" count="1" type="stmt"/>
        <line num="16" count="1" type="stmt"/>
        <line num="17" count="1" type="stmt"/>
        <line num="22" count="10" type="cond" truecount="2" falsecount="0"/>
        <line num="23" count="1" type="stmt"/>
        <line num="25" count="9" type="cond" truecount="2" falsecount="0"/>
        <line num="26" count="1" type="stmt"/>
        <line num="28" count="8" type="cond" truecount="2" falsecount="0"/>
        <line num="29" count="1" type="stmt"/>
        <line num="31" count="7" type="cond" truecount="2" falsecount="0"/>
        <line num="32" count="1" type="stmt"/>
        <line num="34" count="6" type="cond" truecount="2" falsecount="0"/>
        <line num="35" count="1" type="stmt"/>
        <line num="37" count="5" type="cond" truecount="4" falsecount="0"/>
        <line num="38" count="1" type="stmt"/>
        <line num="39" count="1" type="cond" truecount="1" falsecount="1"/>
        <line num="41" count="4" type="cond" truecount="4" falsecount="0"/>
        <line num="42" count="1" type="stmt"/>
        <line num="43" count="1" type="stmt"/>
        <line num="45" count="3" type="cond" truecount="4" falsecount="0"/>
        <line num="46" count="1" type="stmt"/>
        <line num="48" count="2" type="cond" truecount="2" falsecount="0"/>
        <line num="49" count="1" type="stmt"/>
        <line num="51" count="1" type="stmt"/>
        <line num="78" count="0" type="cond" truecount="0" falsecount="2"/>
        <line num="79" count="0" type="cond" truecount="0" falsecount="2"/>
        <line num="80" count="0" type="cond" truecount="0" falsecount="4"/>
        <line num="81" count="0" type="cond" truecount="0" falsecount="4"/>
        <line num="82" count="0" type="cond" truecount="0" falsecount="4"/>
        <line num="83" count="0" type="stmt"/>
        <line num="87" count="0" type="cond" truecount="0" falsecount="2"/>
        <line num="88" count="0" type="stmt"/>
        <line num="94" count="0" type="stmt"/>
        <line num="95" count="0" type="cond" truecount="0" falsecount="2"/>
        <line num="99" count="4" type="stmt"/>
        <line num="103" count="0" type="stmt"/>
        <line num="127" count="0" type="stmt"/>
        <line num="131" count="0" type="stmt"/>
        <line num="132" count="0" type="stmt"/>
        <line num="133" count="0" type="stmt"/>
        <line num="135" count="0" type="stmt"/>
        <line num="138" count="0" type="cond" truecount="0" falsecount="4"/>
        <line num="139" count="0" type="cond" truecount="0" falsecount="4"/>
        <line num="140" count="0" type="stmt"/>
        <line num="141" count="0" type="stmt"/>
        <line num="142" count="0" type="cond" truecount="0" falsecount="2"/>
        <line num="143" count="0" type="cond" truecount="0" falsecount="2"/>
        <line num="146" count="0" type="stmt"/>
        <line num="147" count="0" type="stmt"/>
        <line num="149" count="0" type="stmt"/>
        <line num="150" count="0" type="stmt"/>
        <line num="151" count="0" type="cond" truecount="0" falsecount="4"/>
        <line num="152" count="0" type="cond" truecount="0" falsecount="4"/>
        <line num="154" count="0" type="cond" truecount="0" falsecount="2"/>
        <line num="155" count="0" type="stmt"/>
        <line num="156" count="0" type="stmt"/>
        <line num="158" count="0" type="cond" truecount="0" falsecount="3"/>
        <line num="162" count="0" type="stmt"/>
        <line num="163" count="0" type="cond" truecount="0" falsecount="3"/>
        <line num="165" count="0" type="stmt"/>
        <line num="171" count="0" type="stmt"/>
        <line num="173" count="0" type="stmt"/>
        <line num="190" count="0" type="stmt"/>
        <line num="200" count="0" type="stmt"/>
        <line num="203" count="1" type="stmt"/>
        <line num="206" count="0" type="stmt"/>
        <line num="213" count="0" type="stmt"/>
        <line num="214" count="0" type="stmt"/>
        <line num="217" count="0" type="cond" truecount="0" falsecount="2"/>
        <line num="218" count="0" type="stmt"/>
        <line num="219" count="0" type="cond" truecount="0" falsecount="2"/>
        <line num="221" count="0" type="stmt"/>
        <line num="222" count="0" type="stmt"/>
        <line num="223" count="0" type="stmt"/>
        <line num="224" count="0" type="cond" truecount="0" falsecount="2"/>
        <line num="226" count="0" type="cond" truecount="0" falsecount="2"/>
        <line num="227" count="0" type="cond" truecount="0" falsecount="2"/>
        <line num="228" count="0" type="cond" truecount="0" falsecount="6"/>
        <line num="230" count="0" type="stmt"/>
        <line num="232" count="0" type="stmt"/>
        <line num="237" count="4" type="stmt"/>
        <line num="238" count="4" type="stmt"/>
        <line num="239" count="4" type="cond" truecount="2" falsecount="0"/>
        <line num="240" count="1" type="stmt"/>
        <line num="242" count="3" type="stmt"/>
        <line num="243" count="3" type="stmt"/>
        <line num="244" count="3" type="stmt"/>
        <line num="245" count="3" type="stmt"/>
        <line num="246" count="3" type="stmt"/>
        <line num="247" count="3" type="stmt"/>
        <line num="249" count="3" type="stmt"/>
        <line num="251" count="3" type="stmt"/>
        <line num="252" count="0" type="stmt"/>
        <line num="253" count="0" type="stmt"/>
        <line num="254" count="0" type="stmt"/>
        <line num="255" count="0" type="cond" truecount="0" falsecount="4"/>
        <line num="257" count="3" type="stmt"/>
        <line num="259" count="2" type="stmt"/>
        <line num="260" count="2" type="stmt"/>
        <line num="261" count="2" type="stmt"/>
        <line num="262" count="4" type="stmt"/>
        <line num="263" count="4" type="cond" truecount="2" falsecount="0"/>
        <line num="266" count="3" type="stmt"/>
        <line num="267" count="1" type="stmt"/>
        <line num="268" count="1" type="stmt"/>
        <line num="273" count="3" type="stmt"/>
        <line num="274" count="2" type="stmt"/>
        <line num="275" count="2" type="cond" truecount="2" falsecount="0"/>
        <line num="278" count="2" type="cond" truecount="2" falsecount="0"/>
        <line num="279" count="2" type="cond" truecount="2" falsecount="0"/>
        <line num="280" count="2" type="stmt"/>
        <line num="310" count="1" type="stmt"/>
        <line num="315" count="1" type="stmt"/>
        <line num="316" count="1" type="stmt"/>
        <line num="319" count="0" type="cond" truecount="0" falsecount="2"/>
        <line num="320" count="0" type="stmt"/>
        <line num="321" count="0" type="cond" truecount="0" falsecount="2"/>
        <line num="322" count="0" type="cond" truecount="0" falsecount="2"/>
        <line num="323" count="0" type="stmt"/>
        <line num="330" count="9" type="stmt"/>
        <line num="331" count="9" type="stmt"/>
        <line num="332" count="9" type="cond" truecount="2" falsecount="0"/>
        <line num="334" count="7" type="stmt"/>
        <line num="335" count="7" type="cond" truecount="2" falsecount="0"/>
        <line num="337" count="4" type="stmt"/>
        <line num="338" count="4" type="cond" truecount="1" falsecount="1"/>
        <line num="339" count="0" type="stmt"/>
        <line num="343" count="0" type="stmt"/>
        <line num="344" count="0" type="cond" truecount="0" falsecount="2"/>
        <line num="345" count="0" type="cond" truecount="0" falsecount="2"/>
        <line num="346" count="0" type="stmt"/>
        <line num="347" count="0" type="cond" truecount="0" falsecount="2"/>
        <line num="350" count="0" type="stmt"/>
        <line num="357" count="0" type="cond" truecount="0" falsecount="2"/>
        <line num="358" count="0" type="cond" truecount="0" falsecount="2"/>
        <line num="359" count="0" type="cond" truecount="0" falsecount="2"/>
        <line num="360" count="0" type="stmt"/>
        <line num="361" count="0" type="cond" truecount="0" falsecount="2"/>
        <line num="364" count="0" type="stmt"/>
        <line num="366" count="0" type="stmt"/>
        <line num="367" count="0" type="cond" truecount="0" falsecount="2"/>
        <line num="369" count="0" type="stmt"/>
        <line num="377" count="15" type="stmt"/>
        <line num="385" count="4" type="cond" truecount="1" falsecount="1"/>
        <line num="386" count="0" type="stmt"/>
        <line num="387" count="0" type="stmt"/>
        <line num="388" count="12" type="cond" truecount="2" falsecount="0"/>
        <line num="389" count="6" type="stmt"/>
        <line num="390" count="6" type="cond" truecount="2" falsecount="0"/>
        <line num="391" count="5" type="stmt"/>
        <line num="392" count="5" type="stmt"/>
        <line num="393" count="5" type="stmt"/>
        <line num="394" count="5" type="stmt"/>
        <line num="396" count="4" type="stmt"/>
        <line num="400" count="0" type="stmt"/>
        <line num="401" count="0" type="stmt"/>
        <line num="402" count="0" type="stmt"/>
        <line num="403" count="0" type="stmt"/>
        <line num="404" count="0" type="stmt"/>
        <line num="406" count="0" type="stmt"/>
        <line num="408" count="0" type="stmt"/>
        <line num="409" count="0" type="stmt"/>
        <line num="410" count="0" type="stmt"/>
        <line num="411" count="0" type="cond" truecount="0" falsecount="2"/>
        <line num="414" count="0" type="stmt"/>
        <line num="415" count="0" type="cond" truecount="0" falsecount="2"/>
        <line num="418" count="0" type="cond" truecount="0" falsecount="2"/>
        <line num="419" count="0" type="stmt"/>
        <line num="420" count="0" type="stmt"/>
        <line num="422" count="0" type="stmt"/>
        <line num="423" count="0" type="cond" truecount="0" falsecount="2"/>
        <line num="424" count="0" type="cond" truecount="0" falsecount="4"/>
        <line num="425" count="0" type="cond" truecount="0" falsecount="2"/>
        <line num="427" count="0" type="stmt"/>
        <line num="428" count="0" type="stmt"/>
        <line num="429" count="0" type="stmt"/>
        <line num="431" count="0" type="cond" truecount="0" falsecount="2"/>
        <line num="432" count="0" type="stmt"/>
        <line num="433" count="0" type="cond" truecount="0" falsecount="3"/>
        <line num="434" count="0" type="cond" truecount="0" falsecount="6"/>
        <line num="435" count="0" type="stmt"/>
        <line num="436" count="0" type="stmt"/>
        <line num="437" count="0" type="cond" truecount="0" falsecount="2"/>
        <line num="440" count="0" type="cond" truecount="0" falsecount="2"/>
        <line num="441" count="0" type="stmt"/>
        <line num="442" count="0" type="stmt"/>
        <line num="444" count="0" type="stmt"/>
        <line num="445" count="0" type="stmt"/>
        <line num="446" count="0" type="cond" truecount="0" falsecount="2"/>
        <line num="447" count="0" type="cond" truecount="0" falsecount="2"/>
        <line num="449" count="0" type="stmt"/>
        <line num="452" count="0" type="stmt"/>
        <line num="454" count="0" type="stmt"/>
        <line num="471" count="0" type="stmt"/>
        <line num="475" count="2" type="stmt"/>
        <line num="476" count="2" type="stmt"/>
        <line num="477" count="2" type="cond" truecount="3" falsecount="1"/>
        <line num="478" count="0" type="stmt"/>
        <line num="480" count="2" type="stmt"/>
        <line num="481" count="2" type="stmt"/>
        <line num="482" count="2" type="stmt"/>
        <line num="483" count="2" type="stmt"/>
        <line num="484" count="2" type="stmt"/>
        <line num="485" count="2" type="stmt"/>
        <line num="487" count="2" type="stmt"/>
        <line num="488" count="1" type="stmt"/>
        <line num="489" count="1" type="stmt"/>
        <line num="490" count="1" type="cond" truecount="2" falsecount="2"/>
        <line num="492" count="2" type="stmt"/>
        <line num="493" count="1" type="stmt"/>
        <line num="495" count="2" type="stmt"/>
        <line num="496" count="0" type="stmt"/>
        <line num="499" count="2" type="stmt"/>
        <line num="500" count="2" type="stmt"/>
        <line num="501" count="2" type="stmt"/>
        <line num="503" count="2" type="stmt"/>
        <line num="504" count="2" type="cond" truecount="2" falsecount="0"/>
        <line num="505" count="2" type="cond" truecount="2" falsecount="0"/>
        <line num="512" count="2" type="cond" truecount="2" falsecount="0"/>
        <line num="513" count="2" type="cond" truecount="2" falsecount="0"/>
        <line num="514" count="2" type="stmt"/>
        <line num="528" count="4" type="stmt"/>
        <line num="529" count="4" type="stmt"/>
        <line num="530" count="3" type="stmt"/>
        <line num="531" count="3" type="stmt"/>
        <line num="532" count="3" type="stmt"/>
        <line num="533" count="2" type="stmt"/>
        <line num="534" count="2" type="cond" truecount="1" falsecount="1"/>
        <line num="535" count="2" type="cond" truecount="1" falsecount="1"/>
        <line num="536" count="2" type="cond" truecount="1" falsecount="1"/>
        <line num="537" count="2" type="cond" truecount="1" falsecount="1"/>
        <line num="538" count="2" type="stmt"/>
        <line num="539" count="2" type="stmt"/>
        <line num="540" count="2" type="stmt"/>
        <line num="556" count="3" type="stmt"/>
        <line num="558" count="1" type="stmt"/>
        <line num="565" count="13" type="stmt"/>
        <line num="566" count="13" type="cond" truecount="3" falsecount="1"/>
        <line num="567" count="13" type="stmt"/>
        <line num="572" count="7" type="stmt"/>
        <line num="581" count="5" type="cond" truecount="1" falsecount="1"/>
        <line num="582" count="0" type="stmt"/>
        <line num="583" count="0" type="stmt"/>
        <line num="585" count="5" type="cond" truecount="1" falsecount="1"/>
        <line num="586" count="0" type="stmt"/>
        <line num="588" count="5" type="cond" truecount="2" falsecount="0"/>
        <line num="589" count="4" type="stmt"/>
        <line num="591" count="1" type="stmt"/>
        <line num="595" count="16" type="stmt"/>
        <line num="598" count="16" type="cond" truecount="2" falsecount="0"/>
        <line num="599" count="2" type="stmt"/>
        <line num="606" count="14" type="stmt"/>
        <line num="607" count="14" type="cond" truecount="2" falsecount="0"/>
        <line num="608" count="1" type="stmt"/>
        <line num="610" count="13" type="cond" truecount="2" falsecount="0"/>
        <line num="611" count="1" type="stmt"/>
        <line num="613" count="12" type="cond" truecount="2" falsecount="0"/>
        <line num="614" count="1" type="stmt"/>
        <line num="616" count="11" type="cond" truecount="4" falsecount="0"/>
        <line num="617" count="2" type="cond" truecount="1" falsecount="1"/>
        <line num="619" count="9" type="cond" truecount="2" falsecount="0"/>
        <line num="620" count="1" type="stmt"/>
        <line num="626" count="8" type="cond" truecount="2" falsecount="0"/>
        <line num="627" count="1" type="stmt"/>
        <line num="634" count="7" type="cond" truecount="2" falsecount="0"/>
        <line num="635" count="4" type="cond" truecount="1" falsecount="1"/>
        <line num="636" count="4" type="stmt"/>
        <line num="638" count="3" type="cond" truecount="2" falsecount="0"/>
        <line num="639" count="2" type="cond" truecount="1" falsecount="1"/>
        <line num="640" count="2" type="stmt"/>
        <line num="642" count="1" type="stmt"/>
        <line num="648" count="4" type="stmt"/>
        <line num="650" count="4" type="stmt"/>
        <line num="651" count="4" type="cond" truecount="2" falsecount="0"/>
        <line num="652" count="4" type="cond" truecount="3" falsecount="0"/>
        <line num="653" count="1" type="cond" truecount="1" falsecount="1"/>
        <line num="655" count="1" type="cond" truecount="1" falsecount="1"/>
        <line num="656" count="0" type="stmt"/>
        <line num="662" count="1" type="stmt"/>
        <line num="663" count="1" type="stmt"/>
        <line num="666" count="1" type="stmt"/>
        <line num="667" count="1" type="stmt"/>
        <line num="668" count="1" type="stmt"/>
        <line num="669" count="1" type="stmt"/>
        <line num="671" count="1" type="stmt"/>
        <line num="673" count="1" type="stmt"/>
      </file>
      <file name="file-shredder.ipc.ts" path="C:\Users\Administrator\Desktop\001\src\main\ipc\file-shredder.ipc.ts">
        <metrics statements="170" coveredstatements="155" conditionals="123" coveredconditionals="78" methods="13" coveredmethods="13"/>
        <line num="13" count="1" type="stmt"/>
        <line num="17" count="1" type="stmt"/>
        <line num="22" count="1" type="stmt"/>
        <line num="27" count="1" type="stmt"/>
        <line num="34" count="13" type="stmt"/>
        <line num="35" count="13" type="stmt"/>
        <line num="36" count="13" type="stmt"/>
        <line num="37" count="13" type="stmt"/>
        <line num="40" count="13" type="cond" truecount="1" falsecount="1"/>
        <line num="42" count="13" type="cond" truecount="3" falsecount="1"/>
        <line num="45" count="13" type="cond" truecount="1" falsecount="1"/>
        <line num="46" count="13" type="cond" truecount="2" falsecount="0"/>
        <line num="49" count="10" type="cond" truecount="1" falsecount="1"/>
        <line num="52" count="13" type="cond" truecount="2" falsecount="0"/>
        <line num="55" count="7" type="stmt"/>
        <line num="56" count="7" type="cond" truecount="1" falsecount="1"/>
        <line num="57" count="0" type="cond" truecount="0" falsecount="3"/>
        <line num="58" count="0" type="cond" truecount="0" falsecount="2"/>
        <line num="59" count="0" type="stmt"/>
        <line num="60" count="0" type="cond" truecount="0" falsecount="4"/>
        <line num="64" count="7" type="stmt"/>
        <line num="68" count="10" type="cond" truecount="4" falsecount="0"/>
        <line num="69" count="4" type="stmt"/>
        <line num="79" count="5" type="stmt"/>
        <line num="80" count="5" type="cond" truecount="5" falsecount="0"/>
        <line num="82" count="4" type="stmt"/>
        <line num="83" count="4" type="stmt"/>
        <line num="84" count="4" type="stmt"/>
        <line num="85" count="3" type="stmt"/>
        <line num="87" count="3" type="stmt"/>
        <line num="88" count="3" type="stmt"/>
        <line num="89" count="3" type="cond" truecount="1" falsecount="1"/>
        <line num="90" count="3" type="stmt"/>
        <line num="91" count="3" type="stmt"/>
        <line num="92" count="3" type="stmt"/>
        <line num="94" count="3" type="stmt"/>
        <line num="97" count="3" type="stmt"/>
        <line num="98" count="3" type="stmt"/>
        <line num="99" count="3" type="stmt"/>
        <line num="100" count="3" type="cond" truecount="1" falsecount="1"/>
        <line num="101" count="3" type="stmt"/>
        <line num="102" count="3" type="stmt"/>
        <line num="103" count="3" type="stmt"/>
        <line num="105" count="3" type="stmt"/>
        <line num="107" count="3" type="stmt"/>
        <line num="111" count="1" type="stmt"/>
        <line num="124" count="1" type="cond" truecount="1" falsecount="1"/>
        <line num="125" count="0" type="stmt"/>
        <line num="126" count="0" type="stmt"/>
        <line num="128" count="1" type="stmt"/>
        <line num="129" count="1" type="stmt"/>
        <line num="130" count="1" type="stmt"/>
        <line num="131" count="1" type="cond" truecount="1" falsecount="1"/>
        <line num="132" count="1" type="stmt"/>
        <line num="133" count="1" type="cond" truecount="1" falsecount="1"/>
        <line num="134" count="0" type="cond" truecount="0" falsecount="2"/>
        <line num="135" count="0" type="stmt"/>
        <line num="136" count="1" type="cond" truecount="1" falsecount="1"/>
        <line num="137" count="1" type="stmt"/>
        <line num="151" count="1" type="cond" truecount="1" falsecount="1"/>
        <line num="152" count="1" type="stmt"/>
        <line num="153" count="1" type="stmt"/>
        <line num="154" count="1" type="stmt"/>
        <line num="155" count="1" type="cond" truecount="1" falsecount="1"/>
        <line num="156" count="1" type="cond" truecount="1" falsecount="1"/>
        <line num="157" count="0" type="stmt"/>
        <line num="158" count="0" type="cond" truecount="0" falsecount="2"/>
        <line num="159" count="0" type="stmt"/>
        <line num="163" count="1" type="stmt"/>
        <line num="173" count="51" type="cond" truecount="2" falsecount="0"/>
        <line num="174" count="50" type="stmt"/>
        <line num="175" count="50" type="stmt"/>
        <line num="176" count="50" type="cond" truecount="1" falsecount="1"/>
        <line num="177" count="50" type="cond" truecount="1" falsecount="1"/>
        <line num="178" count="50" type="cond" truecount="1" falsecount="1"/>
        <line num="179" count="50" type="stmt"/>
        <line num="180" count="50" type="stmt"/>
        <line num="181" count="50" type="stmt"/>
        <line num="182" count="50" type="cond" truecount="1" falsecount="1"/>
        <line num="183" count="50" type="stmt"/>
        <line num="185" count="50" type="stmt"/>
        <line num="188" count="0" type="stmt"/>
        <line num="195" count="26" type="stmt"/>
        <line num="196" count="5" type="stmt"/>
        <line num="197" count="5" type="cond" truecount="2" falsecount="0"/>
        <line num="198" count="4" type="stmt"/>
        <line num="199" count="4" type="cond" truecount="1" falsecount="1"/>
        <line num="202" count="4" type="cond" truecount="4" falsecount="0"/>
        <line num="204" count="2" type="stmt"/>
        <line num="205" count="2" type="stmt"/>
        <line num="206" count="4" type="stmt"/>
        <line num="207" count="4" type="stmt"/>
        <line num="208" count="3" type="stmt"/>
        <line num="216" count="2" type="stmt"/>
        <line num="219" count="26" type="stmt"/>
        <line num="220" count="3" type="stmt"/>
        <line num="221" count="3" type="cond" truecount="2" falsecount="0"/>
        <line num="222" count="2" type="stmt"/>
        <line num="223" count="2" type="cond" truecount="1" falsecount="1"/>
        <line num="226" count="2" type="cond" truecount="4" falsecount="0"/>
        <line num="228" count="1" type="stmt"/>
        <line num="229" count="1" type="stmt"/>
        <line num="230" count="1" type="stmt"/>
        <line num="231" count="1" type="stmt"/>
        <line num="232" count="1" type="stmt"/>
        <line num="240" count="1" type="stmt"/>
        <line num="244" count="26" type="stmt"/>
        <line num="245" count="1" type="stmt"/>
        <line num="249" count="26" type="stmt"/>
        <line num="250" count="13" type="stmt"/>
        <line num="251" count="13" type="stmt"/>
        <line num="252" count="13" type="stmt"/>
        <line num="253" count="13" type="stmt"/>
        <line num="255" count="13" type="cond" truecount="2" falsecount="0"/>
        <line num="256" count="16" type="cond" truecount="2" falsecount="0"/>
        <line num="257" count="12" type="cond" truecount="2" falsecount="0"/>
        <line num="260" count="10" type="stmt"/>
        <line num="261" count="10" type="stmt"/>
        <line num="262" count="10" type="stmt"/>
        <line num="263" count="13" type="cond" truecount="2" falsecount="0"/>
        <line num="264" count="6" type="stmt"/>
        <line num="266" count="7" type="stmt"/>
        <line num="271" count="10" type="stmt"/>
        <line num="272" count="10" type="stmt"/>
        <line num="273" count="10" type="stmt"/>
        <line num="275" count="10" type="stmt"/>
        <line num="276" count="7" type="stmt"/>
        <line num="277" count="7" type="stmt"/>
        <line num="278" count="7" type="cond" truecount="2" falsecount="0"/>
        <line num="279" count="6" type="cond" truecount="2" falsecount="0"/>
        <line num="280" count="1" type="stmt"/>
        <line num="281" count="1" type="stmt"/>
        <line num="282" count="5" type="cond" truecount="1" falsecount="1"/>
        <line num="283" count="5" type="stmt"/>
        <line num="292" count="10" type="stmt"/>
        <line num="295" count="10" type="stmt"/>
        <line num="296" count="10" type="stmt"/>
        <line num="297" count="10" type="stmt"/>
        <line num="298" count="5" type="stmt"/>
        <line num="299" count="5" type="stmt"/>
        <line num="300" count="5" type="stmt"/>
        <line num="301" count="5" type="stmt"/>
        <line num="303" count="0" type="stmt"/>
        <line num="307" count="10" type="stmt"/>
        <line num="308" count="10" type="stmt"/>
        <line num="309" count="10" type="stmt"/>
        <line num="310" count="10" type="stmt"/>
        <line num="313" count="10" type="stmt"/>
        <line num="314" count="5" type="cond" truecount="1" falsecount="1"/>
        <line num="316" count="5" type="stmt"/>
        <line num="317" count="5" type="cond" truecount="1" falsecount="1"/>
        <line num="318" count="0" type="stmt"/>
        <line num="319" count="0" type="stmt"/>
        <line num="329" count="5" type="stmt"/>
        <line num="330" count="5" type="stmt"/>
        <line num="331" count="4" type="stmt"/>
        <line num="332" count="4" type="cond" truecount="2" falsecount="0"/>
        <line num="333" count="5" type="stmt"/>
        <line num="334" count="5" type="stmt"/>
        <line num="336" count="1" type="stmt"/>
        <line num="337" count="1" type="cond" truecount="1" falsecount="1"/>
        <line num="346" count="10" type="cond" truecount="1" falsecount="1"/>
        <line num="347" count="10" type="stmt"/>
        <line num="348" count="1" type="stmt"/>
        <line num="352" count="10" type="stmt"/>
        <line num="355" count="10" type="stmt"/>
        <line num="366" count="13" type="stmt"/>
        <line num="377" count="26" type="stmt"/>
        <line num="378" count="3" type="cond" truecount="4" falsecount="0"/>
        <line num="379" count="1" type="stmt"/>
      </file>
      <file name="license.ipc.ts" path="C:\Users\Administrator\Desktop\001\src\main\ipc\license.ipc.ts">
        <metrics statements="8" coveredstatements="8" conditionals="6" coveredconditionals="6" methods="4" coveredmethods="4"/>
        <line num="6" count="14" type="stmt"/>
        <line num="7" count="7" type="cond" truecount="4" falsecount="0"/>
        <line num="8" count="4" type="cond" truecount="2" falsecount="0"/>
        <line num="9" count="3" type="stmt"/>
        <line num="12" count="14" type="stmt"/>
        <line num="13" count="2" type="stmt"/>
        <line num="16" count="14" type="stmt"/>
        <line num="17" count="2" type="stmt"/>
      </file>
      <file name="power-plans.ipc.ts" path="C:\Users\Administrator\Desktop\001\src\main\ipc\power-plans.ipc.ts">
        <metrics statements="11" coveredstatements="11" conditionals="6" coveredconditionals="6" methods="5" coveredmethods="5"/>
        <line num="6" count="8" type="stmt"/>
        <line num="7" count="1" type="stmt"/>
        <line num="10" count="8" type="stmt"/>
        <line num="11" count="2" type="cond" truecount="2" falsecount="0"/>
        <line num="12" count="1" type="stmt"/>
        <line num="15" count="8" type="stmt"/>
        <line num="16" count="2" type="cond" truecount="2" falsecount="0"/>
        <line num="17" count="1" type="stmt"/>
        <line num="20" count="8" type="stmt"/>
        <line num="21" count="2" type="cond" truecount="2" falsecount="0"/>
        <line num="22" count="1" type="stmt"/>
      </file>
      <file name="privacy-shield.ipc.ts" path="C:\Users\Administrator\Desktop\001\src\main\ipc\privacy-shield.ipc.ts">
        <metrics statements="13" coveredstatements="13" conditionals="8" coveredconditionals="8" methods="6" coveredmethods="6"/>
        <line num="10" count="228" type="stmt"/>
        <line num="11" count="228" type="cond" truecount="4" falsecount="0"/>
        <line num="12" count="57" type="stmt"/>
        <line num="20" count="10" type="stmt"/>
        <line num="21" count="228" type="stmt"/>
        <line num="24" count="10" type="stmt"/>
        <line num="25" count="3" type="stmt"/>
        <line num="26" count="3" type="cond" truecount="2" falsecount="0"/>
        <line num="27" count="2" type="stmt"/>
        <line num="30" count="10" type="stmt"/>
        <line num="31" count="2" type="stmt"/>
        <line num="32" count="2" type="cond" truecount="2" falsecount="0"/>
        <line num="33" count="1" type="stmt"/>
      </file>
      <file name="program-uninstaller.ipc.ts" path="C:\Users\Administrator\Desktop\001\src\main\ipc\program-uninstaller.ipc.ts">
        <metrics statements="54" coveredstatements="34" conditionals="22" coveredconditionals="14" methods="8" coveredmethods="6"/>
        <line num="19" count="1" type="stmt"/>
        <line num="22" count="14" type="stmt"/>
        <line num="23" count="20" type="stmt"/>
        <line num="24" count="20" type="cond" truecount="4" falsecount="0"/>
        <line num="27" count="14" type="stmt"/>
        <line num="28" count="13" type="stmt"/>
        <line num="29" count="12" type="stmt"/>
        <line num="30" count="12" type="stmt"/>
        <line num="33" count="14" type="stmt"/>
        <line num="36" count="10" type="stmt"/>
        <line num="37" count="10" type="cond" truecount="2" falsecount="0"/>
        <line num="38" count="1" type="stmt"/>
        <line num="50" count="9" type="stmt"/>
        <line num="57" count="9" type="stmt"/>
        <line num="60" count="9" type="stmt"/>
        <line num="62" count="9" type="cond" truecount="2" falsecount="0"/>
        <line num="66" count="2" type="stmt"/>
        <line num="67" count="2" type="cond" truecount="2" falsecount="0"/>
        <line num="68" count="1" type="stmt"/>
        <line num="81" count="8" type="stmt"/>
        <line num="88" count="8" type="stmt"/>
        <line num="89" count="8" type="stmt"/>
        <line num="91" count="8" type="cond" truecount="2" falsecount="0"/>
        <line num="92" count="5" type="stmt"/>
        <line num="103" count="3" type="stmt"/>
        <line num="110" count="3" type="stmt"/>
        <line num="111" count="3" type="stmt"/>
        <line num="112" count="3" type="stmt"/>
        <line num="113" count="6" type="stmt"/>
        <line num="114" count="6" type="cond" truecount="2" falsecount="0"/>
        <line num="115" count="5" type="stmt"/>
[...]
        <line num="198" count="2" type="stmt"/>
        <line num="199" count="2" type="stmt"/>
        <line num="200" count="2" type="stmt"/>
        <line num="201" count="1" type="stmt"/>
        <line num="203" count="1" type="stmt"/>
      </file>
      <file name="network-store.ts" path="C:\Users\Administrator\Desktop\001\src\renderer\src\stores\network-store.ts">
        <metrics statements="20" coveredstatements="20" conditionals="4" coveredconditionals="4" methods="13" coveredmethods="13"/>
        <line num="23" count="1" type="stmt"/>
        <line num="30" count="3" type="stmt"/>
        <line num="31" count="3" type="stmt"/>
        <line num="32" count="3" type="stmt"/>
        <line num="33" count="2" type="stmt"/>
        <line num="34" count="1" type="stmt"/>
        <line num="36" count="2" type="stmt"/>
        <line num="37" count="2" type="stmt"/>
        <line num="38" count="2" type="cond" truecount="2" falsecount="0"/>
        <line num="39" count="1" type="stmt"/>
        <line num="40" count="2" type="stmt"/>
        <line num="43" count="2" type="stmt"/>
        <line num="44" count="5" type="stmt"/>
        <line num="45" count="4" type="stmt"/>
        <line num="46" count="2" type="stmt"/>
        <line num="47" count="2" type="stmt"/>
        <line num="48" count="4" type="cond" truecount="2" falsecount="0"/>
        <line num="49" count="2" type="stmt"/>
        <line num="51" count="2" type="stmt"/>
        <line num="54" count="10" type="stmt"/>
      </file>
      <file name="perf-store.ts" path="C:\Users\Administrator\Desktop\001\src\renderer\src\stores\perf-store.ts">
        <metrics statements="31" coveredstatements="27" conditionals="12" coveredconditionals="9" methods="11" coveredmethods="9"/>
        <line num="4" count="1" type="stmt"/>
        <line num="5" count="1" type="stmt"/>
        <line num="41" count="4" type="cond" truecount="1" falsecount="1"/>
        <line num="42" count="4" type="cond" truecount="1" falsecount="1"/>
        <line num="44" count="4" type="stmt"/>
        <line num="45" count="4" type="cond" truecount="1" falsecount="1"/>
        <line num="47" count="0" type="stmt"/>
        <line num="49" count="0" type="stmt"/>
        <line num="52" count="1" type="stmt"/>
        <line num="69" count="1" type="stmt"/>
        <line num="72" count="913" type="stmt"/>
        <line num="73" count="913" type="stmt"/>
        <line num="74" count="913" type="stmt"/>
        <line num="75" count="913" type="stmt"/>
        <line num="76" count="913" type="stmt"/>
        <line num="77" count="913" type="stmt"/>
        <line num="79" count="913" type="stmt"/>
        <line num="80" count="913" type="stmt"/>
        <line num="82" count="913" type="cond" truecount="2" falsecount="0"/>
        <line num="83" count="4" type="stmt"/>
        <line num="91" count="909" type="stmt"/>
        <line num="100" count="0" type="stmt"/>
        <line num="102" count="1" type="stmt"/>
        <line num="104" count="1" type="stmt"/>
        <line num="106" count="1" type="stmt"/>
        <line num="108" count="0" type="stmt"/>
        <line num="111" count="4" type="stmt"/>
        <line num="112" count="4" type="cond" truecount="2" falsecount="0"/>
        <line num="113" count="3" type="cond" truecount="2" falsecount="0"/>
        <line num="115" count="1" type="stmt"/>
        <line num="120" count="10" type="stmt"/>
      </file>
      <file name="privacy-store.ts" path="C:\Users\Administrator\Desktop\001\src\renderer\src\stores\privacy-store.ts">
        <metrics statements="31" coveredstatements="30" conditionals="2" coveredconditionals="2" methods="13" coveredmethods="12"/>
        <line num="23" count="1" type="stmt"/>
        <line num="30" count="2" type="stmt"/>
        <line num="31" count="4" type="stmt"/>
        <line num="32" count="2" type="stmt"/>
        <line num="33" count="1" type="stmt"/>
        <line num="35" count="8" type="stmt"/>
        <line num="36" count="8" type="stmt"/>
        <line num="37" count="8" type="cond" truecount="2" falsecount="0"/>
        <line num="38" count="8" type="stmt"/>
        <line num="40" count="1" type="stmt"/>
        <line num="42" count="17" type="stmt"/>
        <line num="51" count="2" type="stmt"/>
        <line num="53" count="2" type="stmt"/>
        <line num="54" count="0" type="stmt"/>
        <line num="57" count="2" type="stmt"/>
        <line num="58" count="2" type="stmt"/>
        <line num="59" count="1" type="stmt"/>
        <line num="61" count="1" type="stmt"/>
        <line num="63" count="2" type="stmt"/>
        <line num="68" count="2" type="stmt"/>
        <line num="69" count="2" type="stmt"/>
        <line num="70" count="2" type="stmt"/>
        <line num="71" count="1" type="stmt"/>
        <line num="72" count="1" type="stmt"/>
        <line num="74" count="1" type="stmt"/>
        <line num="79" count="2" type="stmt"/>
        <line num="80" count="2" type="stmt"/>
        <line num="81" count="2" type="stmt"/>
        <line num="82" count="1" type="stmt"/>
        <line num="83" count="1" type="stmt"/>
        <line num="85" count="1" type="stmt"/>
      </file>
      <file name="registry-store.ts" path="C:\Users\Administrator\Desktop\001\src\renderer\src\stores\registry-store.ts">
        <metrics statements="49" coveredstatements="47" conditionals="16" coveredconditionals="15" methods="30" coveredmethods="28"/>
        <line num="52" count="8" type="stmt"/>
        <line num="53" count="5" type="cond" truecount="1" falsecount="1"/>
        <line num="54" count="0" type="stmt"/>
        <line num="57" count="1" type="stmt"/>
        <line num="68" count="10" type="stmt"/>
        <line num="69" count="1" type="stmt"/>
        <line num="70" count="1" type="stmt"/>
        <line num="71" count="1" type="stmt"/>
        <line num="72" count="1" type="stmt"/>
        <line num="74" count="2" type="stmt"/>
        <line num="75" count="2" type="stmt"/>
        <line num="76" count="2" type="cond" truecount="2" falsecount="0"/>
        <line num="77" count="2" type="stmt"/>
        <line num="79" count="1" type="stmt"/>
        <line num="80" count="2" type="stmt"/>
        <line num="81" count="1" type="stmt"/>
        <line num="83" count="3" type="stmt"/>
        <line num="84" count="3" type="cond" truecount="2" falsecount="0"/>
        <line num="85" count="2" type="stmt"/>
        <line num="86" count="2" type="stmt"/>
        <line num="87" count="3" type="cond" truecount="2" falsecount="0"/>
        <line num="89" count="2" type="stmt"/>
        <line num="92" count="8" type="stmt"/>
        <line num="93" count="4" type="cond" truecount="2" falsecount="0"/>
        <line num="94" count="3" type="stmt"/>
        <line num="95" count="3" type="stmt"/>
        <line num="97" count="8" type="cond" truecount="2" falsecount="0"/>
        <line num="100" count="3" type="stmt"/>
        <line num="103" count="26" type="stmt"/>
        <line num="115" count="3" type="stmt"/>
        <line num="116" count="3" type="stmt"/>
        <line num="117" count="3" type="stmt"/>
        <line num="118" count="2" type="cond" truecount="2" falsecount="0"/>
        <line num="120" count="1" type="stmt"/>
        <line num="125" count="3" type="cond" truecount="2" falsecount="0"/>
        <line num="126" count="2" type="stmt"/>
        <line num="128" count="2" type="stmt"/>
        <line num="129" count="0" type="stmt"/>
        <line num="132" count="2" type="stmt"/>
        <line num="133" count="2" type="stmt"/>
        <line num="134" count="2" type="stmt"/>
        <line num="136" count="1" type="stmt"/>
        <line num="138" count="2" type="stmt"/>
        <line num="143" count="2" type="stmt"/>
        <line num="144" count="2" type="stmt"/>
        <line num="146" count="2" type="stmt"/>
        <line num="150" count="2" type="stmt"/>
        <line num="151" count="2" type="stmt"/>
        <line num="153" count="2" type="stmt"/>
      </file>
      <file name="scan-store.ts" path="C:\Users\Administrator\Desktop\001\src\renderer\src\stores\scan-store.ts">
        <metrics statements="83" coveredstatements="80" conditionals="18" coveredconditionals="15" methods="46" coveredmethods="43"/>
        <line num="16" count="1" type="stmt"/>
        <line num="19" count="1" type="stmt"/>
        <line num="20" count="1" type="stmt"/>
        <line num="21" count="1" type="cond" truecount="1" falsecount="1"/>
        <line num="23" count="1" type="stmt"/>
        <line num="27" count="10" type="stmt"/>
        <line num="28" count="10" type="stmt"/>
        <line num="58" count="1" type="stmt"/>
        <line num="67" count="1" type="stmt"/>
        <line num="69" count="11" type="stmt"/>
        <line num="70" count="11" type="stmt"/>
        <line num="71" count="11" type="stmt"/>
        <line num="72" count="14" type="stmt"/>
        <line num="73" count="18" type="cond" truecount="2" falsecount="0"/>
        <line num="76" count="11" type="stmt"/>
        <line num="79" count="1" type="stmt"/>
        <line num="80" count="1" type="stmt"/>
        <line num="81" count="1" type="stmt"/>
        <line num="82" count="1" type="stmt"/>
        <line num="83" count="1" type="stmt"/>
        <line num="84" count="1" type="cond" truecount="1" falsecount="1"/>
        <line num="87" count="1" type="stmt"/>
        <line num="89" count="0" type="stmt"/>
        <line num="90" count="0" type="stmt"/>
        <line num="91" count="0" type="stmt"/>
        <line num="93" count="3" type="stmt"/>
        <line num="94" count="3" type="stmt"/>
        <line num="95" count="3" type="cond" truecount="2" falsecount="0"/>
        <line num="96" count="1" type="stmt"/>
        <line num="99" count="3" type="stmt"/>
        <line num="100" count="3" type="stmt"/>
        <line num="101" count="3" type="stmt"/>
        <line num="102" count="3" type="cond" truecount="1" falsecount="1"/>
        <line num="103" count="4" type="stmt"/>
        <line num="104" count="3" type="stmt"/>
        <line num="105" count="3" type="cond" truecount="4" falsecount="0"/>
        <line num="106" count="1" type="stmt"/>
        <line num="107" count="3" type="stmt"/>
        <line num="109" count="3" type="stmt"/>
        <line num="110" count="3" type="stmt"/>
        <line num="113" count="3" type="stmt"/>
        <line num="114" count="3" type="stmt"/>
        <line num="115" count="3" type="stmt"/>
        <line num="116" count="4" type="stmt"/>
        <line num="117" count="3" type="cond" truecount="2" falsecount="0"/>
        <line num="118" count="3" type="stmt"/>
        <line num="119" count="2" type="stmt"/>
        <line num="121" count="2" type="stmt"/>
        <line num="122" count="1" type="stmt"/>
        <line num="124" count="3" type="stmt"/>
        <line num="125" count="3" type="stmt"/>
        <line num="128" count="2" type="stmt"/>
        <line num="129" count="2" type="stmt"/>
        <line num="130" count="2" type="stmt"/>
        <line num="131" count="2" type="stmt"/>
        <line num="132" count="4" type="stmt"/>
        <line num="134" count="3" type="stmt"/>
        <line num="135" count="3" type="stmt"/>
        <line num="137" count="2" type="stmt"/>
        <line num="138" count="2" type="stmt"/>
        <line num="141" count="2" type="stmt"/>
        <line num="142" count="2" type="stmt"/>
        <line num="143" count="2" type="stmt"/>
        <line num="144" count="2" type="stmt"/>
        <line num="145" count="4" type="stmt"/>
        <line num="147" count="3" type="stmt"/>
        <line num="148" count="3" type="stmt"/>
        <line num="150" count="2" type="stmt"/>
        <line num="151" count="2" type="stmt"/>
        <line num="154" count="2" type="stmt"/>
        <line num="155" count="2" type="stmt"/>
        <line num="156" count="4" type="stmt"/>
        <line num="157" count="4" type="stmt"/>
        <line num="158" count="3" type="stmt"/>
        <line num="159" count="2" type="cond" truecount="2" falsecount="0"/>
        <line num="160" count="1" type="stmt"/>
        <line num="162" count="1" type="stmt"/>
        <line num="165" count="1" type="stmt"/>
        <line num="166" count="2" type="stmt"/>
        <line num="168" count="1" type="stmt"/>
        <line num="169" count="1" type="stmt"/>
        <line num="171" count="2" type="stmt"/>
        <line num="176" count="13" type="stmt"/>
      </file>
      <file name="service-store.ts" path="C:\Users\Administrator\Desktop\001\src\renderer\src\stores\service-store.ts">
        <metrics statements="41" coveredstatements="40" conditionals="16" coveredconditionals="14" methods="27" coveredmethods="26"/>
        <line num="48" count="1" type="stmt"/>
        <line num="62" count="11" type="stmt"/>
        <line num="63" count="1" type="stmt"/>
        <line num="64" count="1" type="stmt"/>
        <line num="65" count="1" type="stmt"/>
        <line num="66" count="1" type="stmt"/>
        <line num="67" count="2" type="stmt"/>
        <line num="68" count="1" type="stmt"/>
        <line num="70" count="2" type="stmt"/>
        <line num="71" count="2" type="stmt"/>
        <line num="72" count="1" type="stmt"/>
        <line num="73" count="1" type="stmt"/>
        <line num="76" count="3" type="stmt"/>
        <line num="78" count="3" type="cond" truecount="4" falsecount="0"/>
        <line num="85" count="1" type="stmt"/>
        <line num="87" count="4" type="cond" truecount="2" falsecount="0"/>
        <line num="88" count="2" type="cond" truecount="2" falsecount="0"/>
        <line num="89" count="1" type="cond" truecount="2" falsecount="2"/>
        <line num="90" count="1" type="stmt"/>
        <line num="95" count="1" type="stmt"/>
        <line num="96" count="2" type="stmt"/>
        <line num="100" count="21" type="stmt"/>
        <line num="115" count="2" type="stmt"/>
        <line num="117" count="2" type="stmt"/>
        <line num="118" count="0" type="stmt"/>
        <line num="121" count="2" type="stmt"/>
        <line num="122" count="2" type="stmt"/>
        <line num="123" count="1" type="stmt"/>
        <line num="125" count="1" type="stmt"/>
        <line num="127" count="2" type="stmt"/>
        <line num="132" count="3" type="stmt"/>
        <line num="133" count="3" type="stmt"/>
        <line num="134" count="3" type="cond" truecount="2" falsecount="0"/>
        <line num="135" count="2" type="stmt"/>
        <line num="136" count="3" type="cond" truecount="2" falsecount="0"/>
        <line num="138" count="2" type="stmt"/>
        <line num="140" count="2" type="stmt"/>
        <line num="141" count="2" type="stmt"/>
        <line num="142" count="1" type="stmt"/>
        <line num="143" count="1" type="stmt"/>
        <line num="145" count="1" type="stmt"/>
      </file>
      <file name="settings-store.ts" path="C:\Users\Administrator\Desktop\001\src\renderer\src\stores\settings-store.ts">
        <metrics statements="8" coveredstatements="8" conditionals="12" coveredconditionals="12" methods="7" coveredmethods="7"/>
        <line num="11" count="2" type="stmt"/>
        <line num="59" count="2" type="stmt"/>
        <line num="62" count="3" type="stmt"/>
        <line num="64" count="4" type="stmt"/>
        <line num="79" count="4" type="stmt"/>
        <line num="80" count="2" type="stmt"/>
        <line num="86" count="2" type="cond" truecount="4" falsecount="0"/>
        <line num="87" count="1" type="stmt"/>
      </file>
      <file name="startup-store.ts" path="C:\Users\Administrator\Desktop\001\src\renderer\src\stores\startup-store.ts">
        <metrics statements="25" coveredstatements="25" conditionals="4" coveredconditionals="3" methods="22" coveredmethods="22"/>
        <line num="36" count="1" type="stmt"/>
        <line num="49" count="4" type="stmt"/>
        <line num="51" count="1" type="stmt"/>
        <line num="52" count="2" type="cond" truecount="2" falsecount="0"/>
        <line num="55" count="1" type="stmt"/>
        <line num="56" count="3" type="stmt"/>
        <line num="58" count="2" type="stmt"/>
        <line num="59" count="2" type="stmt"/>
        <line num="60" count="2" type="stmt"/>
        <line num="61" count="2" type="stmt"/>
        <line num="62" count="1" type="stmt"/>
        <line num="63" count="1" type="stmt"/>
        <line num="64" count="1" type="stmt"/>
        <line num="65" count="1" type="stmt"/>
        <line num="66" count="2" type="stmt"/>
        <line num="68" count="1" type="stmt"/>
        <line num="69" count="2" type="stmt"/>
        <line num="71" count="2" type="stmt"/>
        <line num="72" count="2" type="stmt"/>
        <line num="73" count="2" type="stmt"/>
        <line num="74" count="1" type="cond" truecount="1" falsecount="1"/>
        <line num="75" count="2" type="stmt"/>
        <line num="76" count="2" type="stmt"/>
        <line num="80" count="1" type="stmt"/>
        <line num="84" count="17" type="stmt"/>
      </file>
    </package>
    <package name="src.shared">
      <metrics statements="33" coveredstatements="29" conditionals="22" coveredconditionals="16" methods="8" coveredmethods="6"/>
      <file name="channels.ts" path="C:\Users\Administrator\Desktop\001\src\shared\channels.ts">
        <metrics statements="1" coveredstatements="1" conditionals="0" coveredconditionals="0" methods="0" coveredmethods="0"/>
        <line num="1" count="14" type="stmt"/>
      </file>
      <file name="enums.ts" path="C:\Users\Administrator\Desktop\001\src\shared\enums.ts">
        <metrics statements="16" coveredstatements="16" conditionals="4" coveredconditionals="4" methods="2" coveredmethods="2"/>
        <line num="1" count="5" type="cond" truecount="2" falsecount="0"/>
        <line num="2" count="5" type="stmt"/>
        <line num="3" count="5" type="stmt"/>
        <line num="4" count="5" type="stmt"/>
        <line num="5" count="5" type="stmt"/>
        <line num="6" count="5" type="stmt"/>
        <line num="7" count="5" type="stmt"/>
        <line num="8" count="5" type="stmt"/>
        <line num="9" count="5" type="stmt"/>
        <line num="10" count="5" type="stmt"/>
        <line num="13" count="5" type="cond" truecount="2" falsecount="0"/>
        <line num="14" count="5" type="stmt"/>
        <line num="15" count="5" type="stmt"/>
        <line num="16" count="5" type="stmt"/>
        <line num="17" count="5" type="stmt"/>
        <line num="18" count="5" type="stmt"/>
      </file>
      <file name="registry-tweaks.ts" path="C:\Users\Administrator\Desktop\001\src\shared\registry-tweaks.ts">
        <metrics statements="9" coveredstatements="9" conditionals="12" coveredconditionals="10" methods="3" coveredmethods="3"/>
        <line num="21" count="2" type="stmt"/>
        <line num="32" count="22" type="stmt"/>
        <line num="40" count="12" type="cond" truecount="2" falsecount="2"/>
        <line num="51" count="5" type="cond" truecount="2" falsecount="0"/>
        <line num="52" count="5" type="cond" truecount="2" falsecount="0"/>
        <line num="53" count="4" type="stmt"/>
        <line num="54" count="4" type="cond" truecount="4" falsecount="0"/>
        <line num="55" count="2" type="stmt"/>
        <line num="58" count="4" type="stmt"/>
      </file>
      <file name="service-safety-kb.ts" path="C:\Users\Administrator\Desktop\001\src\shared\service-safety-kb.ts">
        <metrics statements="7" coveredstatements="3" conditionals="6" coveredconditionals="2" methods="3" coveredmethods="1"/>
        <line num="19" count="2" type="stmt"/>
        <line num="428" count="0" type="stmt"/>
        <line num="429" count="0" type="cond" truecount="0" falsecount="4"/>
        <line num="430" count="0" type="stmt"/>
        <line num="431" count="0" type="stmt"/>
        <line num="435" count="8" type="stmt"/>
        <line num="436" count="8" type="stmt"/>
      </file>
    </package>
  </project>
</coverage>
